2023-04-16 00:01:21.341  INFO 12520 --- [JavaFX-Launcher] o.s.boot.SpringApplication               : Starting application using Java 19.0.1 on DESKTOP-NSQ8MF2 with PID 12520 (started by karel in C:\diplomka\dp_printer_service\printer_service)
2023-04-16 00:01:21.347  INFO 12520 --- [JavaFX-Launcher] o.s.boot.SpringApplication               : No active profile set, falling back to 1 default profile: "default"
2023-04-16 00:01:21.403  INFO 12520 --- [JavaFX-Launcher] .e.DevToolsPropertyDefaultsPostProcessor : For additional web related logging consider setting the 'logging.level.web' property to 'DEBUG'
2023-04-16 00:01:22.166  INFO 12520 --- [JavaFX-Launcher] o.s.b.w.embedded.tomcat.TomcatWebServer  : Tomcat initialized with port(s): 8082 (http)
2023-04-16 00:01:22.176  INFO 12520 --- [JavaFX-Launcher] o.apache.catalina.core.StandardService   : Starting service [Tomcat]
2023-04-16 00:01:22.176  INFO 12520 --- [JavaFX-Launcher] org.apache.catalina.core.StandardEngine  : Starting Servlet engine: [Apache Tomcat/9.0.68]
2023-04-16 00:01:22.268  INFO 12520 --- [JavaFX-Launcher] o.a.c.c.C.[Tomcat].[localhost].[/]       : Initializing Spring embedded WebApplicationContext
2023-04-16 00:01:22.269  INFO 12520 --- [JavaFX-Launcher] w.s.c.ServletWebServerApplicationContext : Root WebApplicationContext: initialization completed in 866 ms
2023-04-16 00:01:22.624  INFO 12520 --- [JavaFX-Launcher] o.s.b.w.embedded.tomcat.TomcatWebServer  : Tomcat started on port(s): 8082 (http) with context path ''
2023-04-16 00:01:22.634  INFO 12520 --- [JavaFX-Launcher] o.s.boot.SpringApplication               : Started application in 1.666 seconds (JVM running for 2.976)
2023-04-16 00:01:24.000  INFO 12520 --- [http-nio-8082-exec-1] o.a.c.c.C.[Tomcat].[localhost].[/]       : Initializing Spring DispatcherServlet 'dispatcherServlet'
2023-04-16 00:01:24.000  INFO 12520 --- [http-nio-8082-exec-1] o.s.web.servlet.DispatcherServlet        : Initializing Servlet 'dispatcherServlet'
2023-04-16 00:01:24.001  INFO 12520 --- [http-nio-8082-exec-1] o.s.web.servlet.DispatcherServlet        : Completed initialization in 1 ms
2023-04-16 00:03:30.066  INFO 8944 --- [JavaFX-Launcher] o.s.boot.SpringApplication               : Starting application using Java 19.0.1 on DESKTOP-NSQ8MF2 with PID 8944 (started by karel in C:\diplomka\dp_printer_service\printer_service)
2023-04-16 00:03:30.069  INFO 8944 --- [JavaFX-Launcher] o.s.boot.SpringApplication               : No active profile set, falling back to 1 default profile: "default"
2023-04-16 00:03:30.119  INFO 8944 --- [JavaFX-Launcher] .e.DevToolsPropertyDefaultsPostProcessor : For additional web related logging consider setting the 'logging.level.web' property to 'DEBUG'
2023-04-16 00:03:30.920  INFO 8944 --- [JavaFX-Launcher] o.s.b.w.embedded.tomcat.TomcatWebServer  : Tomcat initialized with port(s): 8082 (http)
2023-04-16 00:03:30.930  INFO 8944 --- [JavaFX-Launcher] o.apache.catalina.core.StandardService   : Starting service [Tomcat]
2023-04-16 00:03:30.930  INFO 8944 --- [JavaFX-Launcher] org.apache.catalina.core.StandardEngine  : Starting Servlet engine: [Apache Tomcat/9.0.68]
2023-04-16 00:03:31.028  INFO 8944 --- [JavaFX-Launcher] o.a.c.c.C.[Tomcat].[localhost].[/]       : Initializing Spring embedded WebApplicationContext
2023-04-16 00:03:31.029  INFO 8944 --- [JavaFX-Launcher] w.s.c.ServletWebServerApplicationContext : Root WebApplicationContext: initialization completed in 909 ms
2023-04-16 00:03:31.430  INFO 8944 --- [JavaFX-Launcher] o.s.b.w.embedded.tomcat.TomcatWebServer  : Tomcat started on port(s): 8082 (http) with context path ''
2023-04-16 00:03:31.441  INFO 8944 --- [JavaFX-Launcher] o.s.boot.SpringApplication               : Started application in 1.71 seconds (JVM running for 3.28)
2023-04-16 00:03:32.709  INFO 8944 --- [http-nio-8082-exec-1] o.a.c.c.C.[Tomcat].[localhost].[/]       : Initializing Spring DispatcherServlet 'dispatcherServlet'
2023-04-16 00:03:32.709  INFO 8944 --- [http-nio-8082-exec-1] o.s.web.servlet.DispatcherServlet        : Initializing Servlet 'dispatcherServlet'
2023-04-16 00:03:32.710  INFO 8944 --- [http-nio-8082-exec-1] o.s.web.servlet.DispatcherServlet        : Completed initialization in 0 ms
2023-04-16 00:06:11.717  INFO 18976 --- [JavaFX-Launcher] o.s.boot.SpringApplication               : Starting application using Java 19.0.1 on DESKTOP-NSQ8MF2 with PID 18976 (started by karel in C:\diplomka\dp_printer_service\printer_service)
2023-04-16 00:06:11.720  INFO 18976 --- [JavaFX-Launcher] o.s.boot.SpringApplication               : No active profile set, falling back to 1 default profile: "default"
2023-04-16 00:06:11.822  INFO 18976 --- [JavaFX-Launcher] .e.DevToolsPropertyDefaultsPostProcessor : For additional web related logging consider setting the 'logging.level.web' property to 'DEBUG'
2023-04-16 00:06:13.697  INFO 18976 --- [JavaFX-Launcher] o.s.b.w.embedded.tomcat.TomcatWebServer  : Tomcat initialized with port(s): 8082 (http)
2023-04-16 00:06:13.711  INFO 18976 --- [JavaFX-Launcher] o.apache.catalina.core.StandardService   : Starting service [Tomcat]
2023-04-16 00:06:13.712  INFO 18976 --- [JavaFX-Launcher] org.apache.catalina.core.StandardEngine  : Starting Servlet engine: [Apache Tomcat/9.0.68]
2023-04-16 00:06:13.907  INFO 18976 --- [JavaFX-Launcher] o.a.c.c.C.[Tomcat].[localhost].[/]       : Initializing Spring embedded WebApplicationContext
2023-04-16 00:06:13.908  INFO 18976 --- [JavaFX-Launcher] w.s.c.ServletWebServerApplicationContext : Root WebApplicationContext: initialization completed in 2085 ms
2023-04-16 00:06:14.364  INFO 18976 --- [JavaFX-Launcher] o.s.b.w.embedded.tomcat.TomcatWebServer  : Tomcat started on port(s): 8082 (http) with context path ''
2023-04-16 00:06:14.379  INFO 18976 --- [JavaFX-Launcher] o.s.boot.SpringApplication               : Started application in 3.336 seconds (JVM running for 4.921)
2023-04-16 00:06:15.035  INFO 18976 --- [http-nio-8082-exec-1] o.a.c.c.C.[Tomcat].[localhost].[/]       : Initializing Spring DispatcherServlet 'dispatcherServlet'
2023-04-16 00:06:15.036  INFO 18976 --- [http-nio-8082-exec-1] o.s.web.servlet.DispatcherServlet        : Initializing Servlet 'dispatcherServlet'
2023-04-16 00:06:15.037  INFO 18976 --- [http-nio-8082-exec-1] o.s.web.servlet.DispatcherServlet        : Completed initialization in 1 ms
2023-04-16 00:07:49.043  INFO 16892 --- [JavaFX-Launcher] o.s.boot.SpringApplication               : Starting application using Java 19.0.1 on DESKTOP-NSQ8MF2 with PID 16892 (started by karel in C:\diplomka\dp_printer_service\printer_service)
2023-04-16 00:07:49.046  INFO 16892 --- [JavaFX-Launcher] o.s.boot.SpringApplication               : No active profile set, falling back to 1 default profile: "default"
2023-04-16 00:07:49.089  INFO 16892 --- [JavaFX-Launcher] .e.DevToolsPropertyDefaultsPostProcessor : For additional web related logging consider setting the 'logging.level.web' property to 'DEBUG'
2023-04-16 00:07:49.749  INFO 16892 --- [JavaFX-Launcher] o.s.b.w.embedded.tomcat.TomcatWebServer  : Tomcat initialized with port(s): 8082 (http)
2023-04-16 00:07:49.757  INFO 16892 --- [JavaFX-Launcher] o.apache.catalina.core.StandardService   : Starting service [Tomcat]
2023-04-16 00:07:49.757  INFO 16892 --- [JavaFX-Launcher] org.apache.catalina.core.StandardEngine  : Starting Servlet engine: [Apache Tomcat/9.0.68]
2023-04-16 00:07:49.842  INFO 16892 --- [JavaFX-Launcher] o.a.c.c.C.[Tomcat].[localhost].[/]       : Initializing Spring embedded WebApplicationContext
2023-04-16 00:07:49.842  INFO 16892 --- [JavaFX-Launcher] w.s.c.ServletWebServerApplicationContext : Root WebApplicationContext: initialization completed in 752 ms
2023-04-16 00:07:50.149  INFO 16892 --- [JavaFX-Launcher] o.s.b.w.embedded.tomcat.TomcatWebServer  : Tomcat started on port(s): 8082 (http) with context path ''
2023-04-16 00:07:50.161  INFO 16892 --- [JavaFX-Launcher] o.s.boot.SpringApplication               : Started application in 1.464 seconds (JVM running for 2.518)
2023-04-16 00:07:51.480  INFO 16892 --- [http-nio-8082-exec-1] o.a.c.c.C.[Tomcat].[localhost].[/]       : Initializing Spring DispatcherServlet 'dispatcherServlet'
2023-04-16 00:07:51.483  INFO 16892 --- [http-nio-8082-exec-1] o.s.web.servlet.DispatcherServlet        : Initializing Servlet 'dispatcherServlet'
2023-04-16 00:07:51.490  INFO 16892 --- [http-nio-8082-exec-1] o.s.web.servlet.DispatcherServlet        : Completed initialization in 5 ms
2023-04-16 00:08:25.990  INFO 20828 --- [JavaFX-Launcher] o.s.boot.SpringApplication               : Starting application using Java 19.0.1 on DESKTOP-NSQ8MF2 with PID 20828 (started by karel in C:\diplomka\dp_printer_service\printer_service)
2023-04-16 00:08:25.997  INFO 20828 --- [JavaFX-Launcher] o.s.boot.SpringApplication               : No active profile set, falling back to 1 default profile: "default"
2023-04-16 00:08:26.049  INFO 20828 --- [JavaFX-Launcher] .e.DevToolsPropertyDefaultsPostProcessor : For additional web related logging consider setting the 'logging.level.web' property to 'DEBUG'
2023-04-16 00:08:26.749  INFO 20828 --- [JavaFX-Launcher] o.s.b.w.embedded.tomcat.TomcatWebServer  : Tomcat initialized with port(s): 8082 (http)
2023-04-16 00:08:26.756  INFO 20828 --- [JavaFX-Launcher] o.apache.catalina.core.StandardService   : Starting service [Tomcat]
2023-04-16 00:08:26.757  INFO 20828 --- [JavaFX-Launcher] org.apache.catalina.core.StandardEngine  : Starting Servlet engine: [Apache Tomcat/9.0.68]
2023-04-16 00:08:26.844  INFO 20828 --- [JavaFX-Launcher] o.a.c.c.C.[Tomcat].[localhost].[/]       : Initializing Spring embedded WebApplicationContext
2023-04-16 00:08:26.844  INFO 20828 --- [JavaFX-Launcher] w.s.c.ServletWebServerApplicationContext : Root WebApplicationContext: initialization completed in 794 ms
2023-04-16 00:08:27.192  INFO 20828 --- [JavaFX-Launcher] o.s.b.w.embedded.tomcat.TomcatWebServer  : Tomcat started on port(s): 8082 (http) with context path ''
2023-04-16 00:08:27.202  INFO 20828 --- [JavaFX-Launcher] o.s.boot.SpringApplication               : Started application in 1.577 seconds (JVM running for 2.571)
2023-04-16 00:08:28.406  INFO 20828 --- [http-nio-8082-exec-1] o.a.c.c.C.[Tomcat].[localhost].[/]       : Initializing Spring DispatcherServlet 'dispatcherServlet'
2023-04-16 00:08:28.407  INFO 20828 --- [http-nio-8082-exec-1] o.s.web.servlet.DispatcherServlet        : Initializing Servlet 'dispatcherServlet'
2023-04-16 00:08:28.407  INFO 20828 --- [http-nio-8082-exec-1] o.s.web.servlet.DispatcherServlet        : Completed initialization in 0 ms
2023-04-16 00:08:47.985  INFO 17624 --- [JavaFX-Launcher] o.s.boot.SpringApplication               : Starting application using Java 19.0.1 on DESKTOP-NSQ8MF2 with PID 17624 (started by karel in C:\diplomka\dp_printer_service\printer_service)
2023-04-16 00:08:47.989  INFO 17624 --- [JavaFX-Launcher] o.s.boot.SpringApplication               : No active profile set, falling back to 1 default profile: "default"
2023-04-16 00:08:48.046  INFO 17624 --- [JavaFX-Launcher] .e.DevToolsPropertyDefaultsPostProcessor : For additional web related logging consider setting the 'logging.level.web' property to 'DEBUG'
2023-04-16 00:08:48.754  INFO 17624 --- [JavaFX-Launcher] o.s.b.w.embedded.tomcat.TomcatWebServer  : Tomcat initialized with port(s): 8082 (http)
2023-04-16 00:08:48.762  INFO 17624 --- [JavaFX-Launcher] o.apache.catalina.core.StandardService   : Starting service [Tomcat]
2023-04-16 00:08:48.762  INFO 17624 --- [JavaFX-Launcher] org.apache.catalina.core.StandardEngine  : Starting Servlet engine: [Apache Tomcat/9.0.68]
2023-04-16 00:08:48.852  INFO 17624 --- [JavaFX-Launcher] o.a.c.c.C.[Tomcat].[localhost].[/]       : Initializing Spring embedded WebApplicationContext
2023-04-16 00:08:48.852  INFO 17624 --- [JavaFX-Launcher] w.s.c.ServletWebServerApplicationContext : Root WebApplicationContext: initialization completed in 805 ms
2023-04-16 00:08:49.190  INFO 17624 --- [JavaFX-Launcher] o.s.b.w.embedded.tomcat.TomcatWebServer  : Tomcat started on port(s): 8082 (http) with context path ''
2023-04-16 00:08:49.203  INFO 17624 --- [JavaFX-Launcher] o.s.boot.SpringApplication               : Started application in 1.547 seconds (JVM running for 2.536)
2023-04-16 00:08:50.354  INFO 17624 --- [http-nio-8082-exec-1] o.a.c.c.C.[Tomcat].[localhost].[/]       : Initializing Spring DispatcherServlet 'dispatcherServlet'
2023-04-16 00:08:50.355  INFO 17624 --- [http-nio-8082-exec-1] o.s.web.servlet.DispatcherServlet        : Initializing Servlet 'dispatcherServlet'
2023-04-16 00:08:50.356  INFO 17624 --- [http-nio-8082-exec-1] o.s.web.servlet.DispatcherServlet        : Completed initialization in 1 ms
2023-04-16 00:11:17.659  INFO 9164 --- [JavaFX-Launcher] o.s.boot.SpringApplication               : Starting application using Java 19.0.1 on DESKTOP-NSQ8MF2 with PID 9164 (started by karel in C:\diplomka\dp_printer_service\printer_service)
2023-04-16 00:11:17.661  INFO 9164 --- [JavaFX-Launcher] o.s.boot.SpringApplication               : No active profile set, falling back to 1 default profile: "default"
2023-04-16 00:11:17.700  INFO 9164 --- [JavaFX-Launcher] .e.DevToolsPropertyDefaultsPostProcessor : For additional web related logging consider setting the 'logging.level.web' property to 'DEBUG'
2023-04-16 00:11:18.458  INFO 9164 --- [JavaFX-Launcher] o.s.b.w.embedded.tomcat.TomcatWebServer  : Tomcat initialized with port(s): 8082 (http)
2023-04-16 00:11:18.465  INFO 9164 --- [JavaFX-Launcher] o.apache.catalina.core.StandardService   : Starting service [Tomcat]
2023-04-16 00:11:18.465  INFO 9164 --- [JavaFX-Launcher] org.apache.catalina.core.StandardEngine  : Starting Servlet engine: [Apache Tomcat/9.0.68]
2023-04-16 00:11:18.544  INFO 9164 --- [JavaFX-Launcher] o.a.c.c.C.[Tomcat].[localhost].[/]       : Initializing Spring embedded WebApplicationContext
2023-04-16 00:11:18.544  INFO 9164 --- [JavaFX-Launcher] w.s.c.ServletWebServerApplicationContext : Root WebApplicationContext: initialization completed in 843 ms
2023-04-16 00:11:19.049  INFO 9164 --- [JavaFX-Launcher] o.s.b.w.embedded.tomcat.TomcatWebServer  : Tomcat started on port(s): 8082 (http) with context path ''
2023-04-16 00:11:19.059  INFO 9164 --- [JavaFX-Launcher] o.s.boot.SpringApplication               : Started application in 1.82 seconds (JVM running for 2.843)
2023-04-16 00:11:20.248  INFO 9164 --- [http-nio-8082-exec-1] o.a.c.c.C.[Tomcat].[localhost].[/]       : Initializing Spring DispatcherServlet 'dispatcherServlet'
2023-04-16 00:11:20.249  INFO 9164 --- [http-nio-8082-exec-1] o.s.web.servlet.DispatcherServlet        : Initializing Servlet 'dispatcherServlet'
2023-04-16 00:11:20.249  INFO 9164 --- [http-nio-8082-exec-1] o.s.web.servlet.DispatcherServlet        : Completed initialization in 0 ms
2023-04-16 00:23:04.748  INFO 1860 --- [JavaFX-Launcher] o.s.boot.SpringApplication               : Starting application using Java 19.0.1 on DESKTOP-NSQ8MF2 with PID 1860 (started by karel in C:\diplomka\dp_printer_service\printer_service)
2023-04-16 00:23:04.750  INFO 1860 --- [JavaFX-Launcher] o.s.boot.SpringApplication               : No active profile set, falling back to 1 default profile: "default"
2023-04-16 00:23:04.795  INFO 1860 --- [JavaFX-Launcher] .e.DevToolsPropertyDefaultsPostProcessor : For additional web related logging consider setting the 'logging.level.web' property to 'DEBUG'
2023-04-16 00:23:05.519  INFO 1860 --- [JavaFX-Launcher] o.s.b.w.embedded.tomcat.TomcatWebServer  : Tomcat initialized with port(s): 8082 (http)
2023-04-16 00:23:05.528  INFO 1860 --- [JavaFX-Launcher] o.apache.catalina.core.StandardService   : Starting service [Tomcat]
2023-04-16 00:23:05.529  INFO 1860 --- [JavaFX-Launcher] org.apache.catalina.core.StandardEngine  : Starting Servlet engine: [Apache Tomcat/9.0.68]
2023-04-16 00:23:05.631  INFO 1860 --- [JavaFX-Launcher] o.a.c.c.C.[Tomcat].[localhost].[/]       : Initializing Spring embedded WebApplicationContext
2023-04-16 00:23:05.632  INFO 1860 --- [JavaFX-Launcher] w.s.c.ServletWebServerApplicationContext : Root WebApplicationContext: initialization completed in 837 ms
2023-04-16 00:23:05.976  INFO 1860 --- [JavaFX-Launcher] o.s.b.w.embedded.tomcat.TomcatWebServer  : Tomcat started on port(s): 8082 (http) with context path ''
2023-04-16 00:23:05.988  INFO 1860 --- [JavaFX-Launcher] o.s.boot.SpringApplication               : Started application in 1.612 seconds (JVM running for 3.218)
2023-04-16 00:23:07.546  INFO 1860 --- [http-nio-8082-exec-1] o.a.c.c.C.[Tomcat].[localhost].[/]       : Initializing Spring DispatcherServlet 'dispatcherServlet'
2023-04-16 00:23:07.547  INFO 1860 --- [http-nio-8082-exec-1] o.s.web.servlet.DispatcherServlet        : Initializing Servlet 'dispatcherServlet'
2023-04-16 00:23:07.547  INFO 1860 --- [http-nio-8082-exec-1] o.s.web.servlet.DispatcherServlet        : Completed initialization in 0 ms
2023-04-16 00:24:33.459  INFO 616 --- [JavaFX-Launcher] o.s.boot.SpringApplication               : Starting application using Java 19.0.1 on DESKTOP-NSQ8MF2 with PID 616 (started by karel in C:\diplomka\dp_printer_service\printer_service)
2023-04-16 00:24:33.461  INFO 616 --- [JavaFX-Launcher] o.s.boot.SpringApplication               : No active profile set, falling back to 1 default profile: "default"
2023-04-16 00:24:33.515  INFO 616 --- [JavaFX-Launcher] .e.DevToolsPropertyDefaultsPostProcessor : For additional web related logging consider setting the 'logging.level.web' property to 'DEBUG'
2023-04-16 00:24:34.251  INFO 616 --- [JavaFX-Launcher] o.s.b.w.embedded.tomcat.TomcatWebServer  : Tomcat initialized with port(s): 8082 (http)
2023-04-16 00:24:34.260  INFO 616 --- [JavaFX-Launcher] o.apache.catalina.core.StandardService   : Starting service [Tomcat]
2023-04-16 00:24:34.261  INFO 616 --- [JavaFX-Launcher] org.apache.catalina.core.StandardEngine  : Starting Servlet engine: [Apache Tomcat/9.0.68]
2023-04-16 00:24:34.357  INFO 616 --- [JavaFX-Launcher] o.a.c.c.C.[Tomcat].[localhost].[/]       : Initializing Spring embedded WebApplicationContext
2023-04-16 00:24:34.357  INFO 616 --- [JavaFX-Launcher] w.s.c.ServletWebServerApplicationContext : Root WebApplicationContext: initialization completed in 842 ms
2023-04-16 00:24:34.695  INFO 616 --- [JavaFX-Launcher] o.s.b.w.embedded.tomcat.TomcatWebServer  : Tomcat started on port(s): 8082 (http) with context path ''
2023-04-16 00:24:34.705  INFO 616 --- [JavaFX-Launcher] o.s.boot.SpringApplication               : Started application in 1.751 seconds (JVM running for 3.609)
2023-04-16 00:24:35.865  INFO 616 --- [http-nio-8082-exec-1] o.a.c.c.C.[Tomcat].[localhost].[/]       : Initializing Spring DispatcherServlet 'dispatcherServlet'
2023-04-16 00:24:35.866  INFO 616 --- [http-nio-8082-exec-1] o.s.web.servlet.DispatcherServlet        : Initializing Servlet 'dispatcherServlet'
2023-04-16 00:24:35.867  INFO 616 --- [http-nio-8082-exec-1] o.s.web.servlet.DispatcherServlet        : Completed initialization in 1 ms
2023-04-16 00:28:37.128  INFO 20344 --- [JavaFX-Launcher] o.s.boot.SpringApplication               : Starting application using Java 19.0.1 on DESKTOP-NSQ8MF2 with PID 20344 (started by karel in C:\diplomka\dp_printer_service\printer_service)
2023-04-16 00:28:37.132  INFO 20344 --- [JavaFX-Launcher] o.s.boot.SpringApplication               : No active profile set, falling back to 1 default profile: "default"
2023-04-16 00:28:37.193  INFO 20344 --- [JavaFX-Launcher] .e.DevToolsPropertyDefaultsPostProcessor : For additional web related logging consider setting the 'logging.level.web' property to 'DEBUG'
2023-04-16 00:28:38.102  INFO 20344 --- [JavaFX-Launcher] o.s.b.w.embedded.tomcat.TomcatWebServer  : Tomcat initialized with port(s): 8082 (http)
2023-04-16 00:28:38.110  INFO 20344 --- [JavaFX-Launcher] o.apache.catalina.core.StandardService   : Starting service [Tomcat]
2023-04-16 00:28:38.111  INFO 20344 --- [JavaFX-Launcher] org.apache.catalina.core.StandardEngine  : Starting Servlet engine: [Apache Tomcat/9.0.68]
2023-04-16 00:28:38.218  INFO 20344 --- [JavaFX-Launcher] o.a.c.c.C.[Tomcat].[localhost].[/]       : Initializing Spring embedded WebApplicationContext
2023-04-16 00:28:38.218  INFO 20344 --- [JavaFX-Launcher] w.s.c.ServletWebServerApplicationContext : Root WebApplicationContext: initialization completed in 1024 ms
2023-04-16 00:28:38.572  INFO 20344 --- [JavaFX-Launcher] o.s.b.w.embedded.tomcat.TomcatWebServer  : Tomcat started on port(s): 8082 (http) with context path ''
2023-04-16 00:28:38.582  INFO 20344 --- [JavaFX-Launcher] o.s.boot.SpringApplication               : Started application in 1.951 seconds (JVM running for 3.37)
2023-04-16 00:28:40.099  INFO 20344 --- [http-nio-8082-exec-1] o.a.c.c.C.[Tomcat].[localhost].[/]       : Initializing Spring DispatcherServlet 'dispatcherServlet'
2023-04-16 00:28:40.099  INFO 20344 --- [http-nio-8082-exec-1] o.s.web.servlet.DispatcherServlet        : Initializing Servlet 'dispatcherServlet'
2023-04-16 00:28:40.100  INFO 20344 --- [http-nio-8082-exec-1] o.s.web.servlet.DispatcherServlet        : Completed initialization in 1 ms
2023-04-16 00:29:57.881  INFO 20344 --- [JavaFX Application Thread] o.apache.catalina.core.StandardService   : Stopping service [Tomcat]
2023-04-16 00:29:57.882  INFO 20344 --- [JavaFX Application Thread] o.a.c.c.C.[Tomcat].[localhost].[/]       : Destroying Spring FrameworkServlet 'dispatcherServlet'
2023-04-16 10:44:04.689  INFO 248 --- [JavaFX-Launcher] o.s.boot.SpringApplication               : Starting application using Java 19.0.1 on DESKTOP-NSQ8MF2 with PID 248 (started by karel in C:\diplomka\dp_printer_service\printer_service)
2023-04-16 10:44:04.692  INFO 248 --- [JavaFX-Launcher] o.s.boot.SpringApplication               : No active profile set, falling back to 1 default profile: "default"
2023-04-16 10:44:04.764  INFO 248 --- [JavaFX-Launcher] .e.DevToolsPropertyDefaultsPostProcessor : For additional web related logging consider setting the 'logging.level.web' property to 'DEBUG'
2023-04-16 10:44:05.741  INFO 248 --- [JavaFX-Launcher] o.s.b.w.embedded.tomcat.TomcatWebServer  : Tomcat initialized with port(s): 8082 (http)
2023-04-16 10:44:05.750  INFO 248 --- [JavaFX-Launcher] o.apache.catalina.core.StandardService   : Starting service [Tomcat]
2023-04-16 10:44:05.750  INFO 248 --- [JavaFX-Launcher] org.apache.catalina.core.StandardEngine  : Starting Servlet engine: [Apache Tomcat/9.0.68]
2023-04-16 10:44:05.873  INFO 248 --- [JavaFX-Launcher] o.a.c.c.C.[Tomcat].[localhost].[/]       : Initializing Spring embedded WebApplicationContext
2023-04-16 10:44:05.874  INFO 248 --- [JavaFX-Launcher] w.s.c.ServletWebServerApplicationContext : Root WebApplicationContext: initialization completed in 1109 ms
2023-04-16 10:44:06.266  INFO 248 --- [JavaFX-Launcher] o.s.b.w.embedded.tomcat.TomcatWebServer  : Tomcat started on port(s): 8082 (http) with context path ''
2023-04-16 10:44:06.277  INFO 248 --- [JavaFX-Launcher] o.s.boot.SpringApplication               : Started application in 2.134 seconds (JVM running for 4.061)
2023-04-16 10:44:06.704  INFO 248 --- [http-nio-8082-exec-1] o.a.c.c.C.[Tomcat].[localhost].[/]       : Initializing Spring DispatcherServlet 'dispatcherServlet'
2023-04-16 10:44:06.704  INFO 248 --- [http-nio-8082-exec-1] o.s.web.servlet.DispatcherServlet        : Initializing Servlet 'dispatcherServlet'
2023-04-16 10:44:06.705  INFO 248 --- [http-nio-8082-exec-1] o.s.web.servlet.DispatcherServlet        : Completed initialization in 1 ms
2023-04-16 10:46:44.213  INFO 10164 --- [JavaFX-Launcher] o.s.boot.SpringApplication               : Starting application using Java 19.0.1 on DESKTOP-NSQ8MF2 with PID 10164 (started by karel in C:\diplomka\dp_printer_service\printer_service)
2023-04-16 10:46:44.216  INFO 10164 --- [JavaFX-Launcher] o.s.boot.SpringApplication               : No active profile set, falling back to 1 default profile: "default"
2023-04-16 10:46:44.257  INFO 10164 --- [JavaFX-Launcher] .e.DevToolsPropertyDefaultsPostProcessor : For additional web related logging consider setting the 'logging.level.web' property to 'DEBUG'
2023-04-16 10:46:44.902  INFO 10164 --- [JavaFX-Launcher] o.s.b.w.embedded.tomcat.TomcatWebServer  : Tomcat initialized with port(s): 8082 (http)
2023-04-16 10:46:44.908  INFO 10164 --- [JavaFX-Launcher] o.apache.catalina.core.StandardService   : Starting service [Tomcat]
2023-04-16 10:46:44.909  INFO 10164 --- [JavaFX-Launcher] org.apache.catalina.core.StandardEngine  : Starting Servlet engine: [Apache Tomcat/9.0.68]
2023-04-16 10:46:45.014  INFO 10164 --- [JavaFX-Launcher] o.a.c.c.C.[Tomcat].[localhost].[/]       : Initializing Spring embedded WebApplicationContext
2023-04-16 10:46:45.015  INFO 10164 --- [JavaFX-Launcher] w.s.c.ServletWebServerApplicationContext : Root WebApplicationContext: initialization completed in 758 ms
2023-04-16 10:46:45.331  INFO 10164 --- [JavaFX-Launcher] o.s.b.w.embedded.tomcat.TomcatWebServer  : Tomcat started on port(s): 8082 (http) with context path ''
2023-04-16 10:46:45.341  INFO 10164 --- [JavaFX-Launcher] o.s.boot.SpringApplication               : Started application in 1.479 seconds (JVM running for 2.633)
2023-04-16 10:46:45.645  INFO 10164 --- [http-nio-8082-exec-1] o.a.c.c.C.[Tomcat].[localhost].[/]       : Initializing Spring DispatcherServlet 'dispatcherServlet'
2023-04-16 10:46:45.645  INFO 10164 --- [http-nio-8082-exec-1] o.s.web.servlet.DispatcherServlet        : Initializing Servlet 'dispatcherServlet'
2023-04-16 10:46:45.646  INFO 10164 --- [http-nio-8082-exec-1] o.s.web.servlet.DispatcherServlet        : Completed initialization in 1 ms
2023-04-16 10:56:12.666  INFO 8116 --- [JavaFX-Launcher] o.s.boot.SpringApplication               : Starting application using Java 19.0.1 on DESKTOP-NSQ8MF2 with PID 8116 (started by karel in C:\diplomka\dp_printer_service\printer_service)
2023-04-16 10:56:12.669  INFO 8116 --- [JavaFX-Launcher] o.s.boot.SpringApplication               : No active profile set, falling back to 1 default profile: "default"
2023-04-16 10:56:12.714  INFO 8116 --- [JavaFX-Launcher] .e.DevToolsPropertyDefaultsPostProcessor : For additional web related logging consider setting the 'logging.level.web' property to 'DEBUG'
2023-04-16 10:56:13.492  INFO 8116 --- [JavaFX-Launcher] o.s.b.w.embedded.tomcat.TomcatWebServer  : Tomcat initialized with port(s): 8082 (http)
2023-04-16 10:56:13.502  INFO 8116 --- [JavaFX-Launcher] o.apache.catalina.core.StandardService   : Starting service [Tomcat]
2023-04-16 10:56:13.502  INFO 8116 --- [JavaFX-Launcher] org.apache.catalina.core.StandardEngine  : Starting Servlet engine: [Apache Tomcat/9.0.68]
2023-04-16 10:56:13.618  INFO 8116 --- [JavaFX-Launcher] o.a.c.c.C.[Tomcat].[localhost].[/]       : Initializing Spring embedded WebApplicationContext
2023-04-16 10:56:13.618  INFO 8116 --- [JavaFX-Launcher] w.s.c.ServletWebServerApplicationContext : Root WebApplicationContext: initialization completed in 904 ms
2023-04-16 10:56:13.966  INFO 8116 --- [JavaFX-Launcher] o.s.b.w.embedded.tomcat.TomcatWebServer  : Tomcat started on port(s): 8082 (http) with context path ''
2023-04-16 10:56:13.978  INFO 8116 --- [JavaFX-Launcher] o.s.boot.SpringApplication               : Started application in 1.69 seconds (JVM running for 3.153)
2023-04-16 10:56:14.325  INFO 8116 --- [http-nio-8082-exec-1] o.a.c.c.C.[Tomcat].[localhost].[/]       : Initializing Spring DispatcherServlet 'dispatcherServlet'
2023-04-16 10:56:14.326  INFO 8116 --- [http-nio-8082-exec-1] o.s.web.servlet.DispatcherServlet        : Initializing Servlet 'dispatcherServlet'
2023-04-16 10:56:14.327  INFO 8116 --- [http-nio-8082-exec-1] o.s.web.servlet.DispatcherServlet        : Completed initialization in 1 ms
2023-04-16 10:58:50.413  INFO 8116 --- [JavaFX Application Thread] o.apache.catalina.core.StandardService   : Stopping service [Tomcat]
2023-04-16 10:58:50.414  INFO 8116 --- [JavaFX Application Thread] o.a.c.c.C.[Tomcat].[localhost].[/]       : Destroying Spring FrameworkServlet 'dispatcherServlet'
